<?xml version="1.0" encoding="UTF-8"?>
<!-- Generated by org.testng.reporters.JUnitXMLReporter -->
<testsuite ignored="0" hostname="Farukh" failures="3" tests="15" name="Test" time="244.786" errors="0" timestamp="2024-12-21T10:27:09 EST">
  <testcase classname="testcases.TC1_Registration" name="testUserRegistration" time="11.777"/>
  <testcase classname="testcases.TC2_Login" name="testLoginWithValidCredentials" time="4.52"/>
  <testcase classname="testcases.TC3_Logout" name="testLogout" time="5.636"/>
  <testcase classname="testcases.TC4_SeachProduct" name="testProductSearch" time="3.387"/>
  <testcase classname="testcases.TC5_AddToCart" name="testAddToCart" time="25.007">
    <failure type="java.lang.AssertionError" message="Success message not displayed! expected [true] but found [false]">
      <![CDATA[java.lang.AssertionError: Success message not displayed! expected [true] but found [false]
at testcases.TC5_AddToCart.testAddToCart(TC5_AddToCart.java:61)
at java.base/java.util.ArrayList.forEach(ArrayList.java:1596)
... Removed 28 stack frames]]>
    </failure>
  </testcase> <!-- testAddToCart -->
  <testcase classname="testcases.TC2_Loginddt" name="testLogin" time="5.32"/>
  <testcase classname="testcases.TC2_Loginddt" name="testLogin" time="22.079"/>
  <testcase classname="testcases.TC2_Loginddt" name="testLogin" time="3.217"/>
  <testcase classname="testcases.TC2_Loginddt" name="testLogin" time="22.132"/>
  <testcase classname="testcases.TC2_Loginddt" name="testLogin" time="3.67"/>
  <testcase classname="testcases.TC2_Loginddt" name="testLogin" time="24.103"/>
  <testcase classname="testcases.TC2_Loginddt" name="testLogin" time="22.616"/>
  <testcase classname="testcases.TC2_Loginddt" name="testLogin" time="22.228"/>
  <testcase classname="testcases.TC2_Loginddt" name="verifyAllCombinations" time="0.002">
    <failure type="java.lang.AssertionError" message="The following asserts failed:
	Login succeeded with invalid credentials.">
      <![CDATA[java.lang.AssertionError: The following asserts failed:
Login succeeded with invalid credentials.
at testcases.TC2_Loginddt.verifyAllCombinations(TC2_Loginddt.java:57)
at java.base/java.util.ArrayList.forEach(ArrayList.java:1596)
... Removed 27 stack frames]]>
    </failure>
  </testcase> <!-- verifyAllCombinations -->
  <testcase classname="testcases.TC6_EndToEndTest" name="executeEndToEndTest" time="58.308">
    <failure type="java.lang.AssertionError" message="The following asserts failed:
	expected [true] but found [false]">
      <![CDATA[java.lang.AssertionError: The following asserts failed:
expected [true] but found [false]
at testcases.TC6_EndToEndTest.executeEndToEndTest(TC6_EndToEndTest.java:52)
at java.base/java.util.ArrayList.forEach(ArrayList.java:1596)
... Removed 27 stack frames]]>
    </failure>
  </testcase> <!-- executeEndToEndTest -->
</testsuite> <!-- Test -->
